<?xml version="1.0" encoding="UTF-8"?>
<!-- Generated by org.testng.reporters.JUnitXMLReporter -->
<testsuite ignored="3" hostname="WIN-A8PGH3U3BGJ" failures="0" tests="5" name="Test" time="0.046" errors="0" timestamp="2021-11-29T12:55:29 IST">
  <testcase classname="groups.Testgroup1" name="Test3" time="0.006"/>
  <testcase classname="groups.Testgroup1" name="Test4" time="0.001"/>
  <testcase classname="groups.Testgroup2" name="Test6" time="0.001"/>
  <testcase classname="groups.Testgroup2" name="Test7" time="0.001"/>
  <testcase classname="groups.Testgroup2" name="Test8" time="0.001"/>
  <testcase classname="groups.Testgroup2" name="Test5" time="0.0">
    <ignored/>
  </testcase> <!-- Test5 -->
  <testcase classname="groups.Testgroup1" name="Test2" time="0.0">
    <ignored/>
  </testcase> <!-- Test2 -->
  <testcase classname="groups.Testgroup1" name="Test1" time="0.0">
    <ignored/>
  </testcase> <!-- Test1 -->
</testsuite> <!-- Test -->
