<?xml version="1.0" encoding="UTF-8"?>
<testng-results ignored="0" total="2" passed="2" failed="0" skipped="0">
  <reporter-output>
  </reporter-output>
  <suite started-at="2021-12-01T16:48:16 IST" name="Default suite" finished-at="2021-12-01T16:48:26 IST" duration-ms="9434">
    <groups>
    </groups>
    <test started-at="2021-12-01T16:48:16 IST" name="Default test" finished-at="2021-12-01T16:48:26 IST" duration-ms="9434">
      <class name="testingNG.GoogleTest">
        <test-method is-config="true" signature="openurl()[pri:0, instance:testingNG.GoogleTest@4cc8eb05]" started-at="2021-12-01T16:48:16 IST" name="openurl" finished-at="2021-12-01T16:48:22 IST" duration-ms="5391" status="PASS">
          <reporter-output>
          </reporter-output>
        </test-method> <!-- openurl -->
        <test-method signature="checktitle()[pri:0, instance:testingNG.GoogleTest@4cc8eb05]" started-at="2021-12-01T16:48:22 IST" name="checktitle" finished-at="2021-12-01T16:48:22 IST" duration-ms="38" status="PASS">
          <reporter-output>
          </reporter-output>
        </test-method> <!-- checktitle -->
        <test-method is-config="true" signature="closeurl()[pri:0, instance:testingNG.GoogleTest@4cc8eb05]" started-at="2021-12-01T16:48:22 IST" name="closeurl" finished-at="2021-12-01T16:48:22 IST" duration-ms="140" status="PASS">
          <reporter-output>
          </reporter-output>
        </test-method> <!-- closeurl -->
        <test-method is-config="true" signature="openurl()[pri:0, instance:testingNG.GoogleTest@4cc8eb05]" started-at="2021-12-01T16:48:22 IST" name="openurl" finished-at="2021-12-01T16:48:25 IST" duration-ms="3619" status="PASS">
          <reporter-output>
          </reporter-output>
        </test-method> <!-- openurl -->
        <test-method signature="checklogo()[pri:1, instance:testingNG.GoogleTest@4cc8eb05]" started-at="2021-12-01T16:48:25 IST" name="checklogo" finished-at="2021-12-01T16:48:26 IST" duration-ms="65" status="PASS">
          <reporter-output>
          </reporter-output>
        </test-method> <!-- checklogo -->
        <test-method is-config="true" signature="closeurl()[pri:0, instance:testingNG.GoogleTest@4cc8eb05]" started-at="2021-12-01T16:48:26 IST" name="closeurl" finished-at="2021-12-01T16:48:26 IST" duration-ms="139" status="PASS">
          <reporter-output>
          </reporter-output>
        </test-method> <!-- closeurl -->
      </class> <!-- testingNG.GoogleTest -->
    </test> <!-- Default test -->
  </suite> <!-- Default suite -->
</testng-results>
